[2m2024-04-03 16:38:03.840[0;39m [[32m INFO[0;39m] [35m7640[0;39m [2m[           main ][0;39m [32mnet.mingsoft.MSApplication[0;39m:55 [2m:[0;39m Starting MSApplication using Java 1.8.0_231 on WIN-A74QG1AGCCO with PID 7640 (F:\devbox\IdeaProject\MCMS-master\target\classes started by Administrator in F:\devbox\IdeaProject\MCMS-master)
[2m2024-04-03 16:38:03.939[0;39m [[32mDEBUG[0;39m] [35m7640[0;39m [2m[           main ][0;39m [32mnet.mingsoft.MSApplication[0;39m:56 [2m:[0;39m Running with Spring Boot v2.7.18, Spring v5.3.31
[2m2024-04-03 16:38:03.947[0;39m [[32m INFO[0;39m] [35m7640[0;39m [2m[           main ][0;39m [32mnet.mingsoft.MSApplication[0;39m:638 [2m:[0;39m The following 1 profile is active: "dev"
[2m2024-04-03 16:38:22.882[0;39m [[32m INFO[0;39m] [35m7640[0;39m [2m[           main ][0;39m [32mcom.alibaba.druid.spring.boot.autoconfigure.DruidDataSourceAutoConfigure[0;39m:66 [2m:[0;39m Init DruidDataSource
[2m2024-04-03 16:38:29.846[0;39m [[32m INFO[0;39m] [35m7640[0;39m [2m[           main ][0;39m [32mcom.alibaba.druid.pool.DruidDataSource[0;39m:985 [2m:[0;39m {dataSource-1} inited
[2m2024-04-03 16:38:46.902[0;39m [[33m WARN[0;39m] [35m7640[0;39m [2m[           main ][0;39m [33mcom.baomidou.mybatisplus.core.injector.AbstractMethod[0;39m:414 [2m:[0;39m [net.mingsoft.basic.dao.IManagerDao.delete] Has been loaded by XML or SqlProvider or Mybatis's Annotation, so ignoring this injection for [class com.baomidou.mybatisplus.core.injector.methods.Delete]
[2m2024-04-03 16:38:47.493[0;39m [[33m WARN[0;39m] [35m7640[0;39m [2m[           main ][0;39m [33mcom.baomidou.mybatisplus.core.injector.AbstractMethod[0;39m:414 [2m:[0;39m [net.mingsoft.basic.dao.IModelDao.delete] Has been loaded by XML or SqlProvider or Mybatis's Annotation, so ignoring this injection for [class com.baomidou.mybatisplus.core.injector.methods.Delete]
[2m2024-04-03 16:38:47.576[0;39m [[33m WARN[0;39m] [35m7640[0;39m [2m[           main ][0;39m [33mcom.baomidou.mybatisplus.core.metadata.TableInfoHelper[0;39m:342 [2m:[0;39m Can not find table primary key in Class: "net.mingsoft.basic.entity.RoleModelEntity".
[2m2024-04-03 16:38:47.599[0;39m [[33m WARN[0;39m] [35m7640[0;39m [2m[           main ][0;39m [33mcom.baomidou.mybatisplus.core.injector.DefaultSqlInjector[0;39m:56 [2m:[0;39m class net.mingsoft.basic.entity.RoleModelEntity ,Not found @TableId annotation, Cannot use Mybatis-Plus 'xxById' Method.
[2m2024-04-03 16:38:51.696[0;39m [[32m INFO[0;39m] [35m7640[0;39m [2m[           main ][0;39m [32morg.apache.coyote.http11.Http11NioProtocol[0;39m:173 [2m:[0;39m Initializing ProtocolHandler ["http-nio-8080"]
[2m2024-04-03 16:38:51.717[0;39m [[32m INFO[0;39m] [35m7640[0;39m [2m[           main ][0;39m [32morg.apache.catalina.core.StandardService[0;39m:173 [2m:[0;39m Starting service [Tomcat]
[2m2024-04-03 16:38:51.719[0;39m [[32m INFO[0;39m] [35m7640[0;39m [2m[           main ][0;39m [32morg.apache.catalina.core.StandardEngine[0;39m:173 [2m:[0;39m Starting Servlet engine: [Apache Tomcat/9.0.83]
[2m2024-04-03 16:38:54.801[0;39m [[32m INFO[0;39m] [35m7640[0;39m [2m[           main ][0;39m [32morg.apache.catalina.core.ContainerBase.[Tomcat].[localhost].[/][0;39m:173 [2m:[0;39m Initializing Spring embedded WebApplicationContext
[2m2024-04-03 16:38:55.530[0;39m [[32mDEBUG[0;39m] [35m7640[0;39m [2m[           main ][0;39m [32mnet.mingsoft.basic.filter.XSSEscapeFilter[0;39m:140 [2m:[0;39m xss filter init
[2m2024-04-03 16:38:56.384[0;39m [[33m WARN[0;39m] [35m7640[0;39m [2m[           main ][0;39m [33mcom.baomidou.mybatisplus.core.injector.AbstractMethod[0;39m:414 [2m:[0;39m [net.mingsoft.cms.dao.ICategoryDao.delete] Has been loaded by XML or SqlProvider or Mybatis's Annotation, so ignoring this injection for [class com.baomidou.mybatisplus.core.injector.methods.Delete]
[2m2024-04-03 16:38:56.537[0;39m [[33m WARN[0;39m] [35m7640[0;39m [2m[           main ][0;39m [33mcom.baomidou.mybatisplus.core.injector.AbstractMethod[0;39m:414 [2m:[0;39m [net.mingsoft.cms.dao.IContentDao.delete] Has been loaded by XML or SqlProvider or Mybatis's Annotation, so ignoring this injection for [class com.baomidou.mybatisplus.core.injector.methods.Delete]
[2m2024-04-03 16:38:57.284[0;39m [[33m WARN[0;39m] [35m7640[0;39m [2m[           main ][0;39m [33mcom.baomidou.mybatisplus.core.injector.AbstractMethod[0;39m:414 [2m:[0;39m [net.mingsoft.mdiy.dao.IModelDao.delete] Has been loaded by XML or SqlProvider or Mybatis's Annotation, so ignoring this injection for [class com.baomidou.mybatisplus.core.injector.methods.Delete]
[2m2024-04-03 16:38:57.909[0;39m [[33m WARN[0;39m] [35m7640[0;39m [2m[           main ][0;39m [33mcom.baomidou.mybatisplus.core.injector.AbstractMethod[0;39m:414 [2m:[0;39m [net.mingsoft.mdiy.dao.ITagDao.delete] Has been loaded by XML or SqlProvider or Mybatis's Annotation, so ignoring this injection for [class com.baomidou.mybatisplus.core.injector.methods.Delete]
[2m2024-04-03 16:39:16.695[0;39m [[33m WARN[0;39m] [35m7640[0;39m [2m[           main ][0;39m [33mcom.baomidou.mybatisplus.core.injector.AbstractMethod[0;39m:414 [2m:[0;39m [net.mingsoft.basic.dao.ICityDao.delete] Has been loaded by XML or SqlProvider or Mybatis's Annotation, so ignoring this injection for [class com.baomidou.mybatisplus.core.injector.methods.Delete]
[2m2024-04-03 16:39:17.583[0;39m [[33m WARN[0;39m] [35m7640[0;39m [2m[           main ][0;39m [33mcom.baomidou.mybatisplus.core.injector.AbstractMethod[0;39m:414 [2m:[0;39m [net.mingsoft.basic.dao.ILogDao.delete] Has been loaded by XML or SqlProvider or Mybatis's Annotation, so ignoring this injection for [class com.baomidou.mybatisplus.core.injector.methods.Delete]
[2m2024-04-03 16:39:19.222[0;39m [[33m WARN[0;39m] [35m7640[0;39m [2m[           main ][0;39m [33mcom.baomidou.mybatisplus.core.injector.AbstractMethod[0;39m:414 [2m:[0;39m [net.mingsoft.basic.dao.IRoleDao.delete] Has been loaded by XML or SqlProvider or Mybatis's Annotation, so ignoring this injection for [class com.baomidou.mybatisplus.core.injector.methods.Delete]
[2m2024-04-03 16:39:22.982[0;39m [[33m WARN[0;39m] [35m7640[0;39m [2m[           main ][0;39m [33mcom.baomidou.mybatisplus.core.injector.AbstractMethod[0;39m:414 [2m:[0;39m [net.mingsoft.mdiy.dao.IPageDao.delete] Has been loaded by XML or SqlProvider or Mybatis's Annotation, so ignoring this injection for [class com.baomidou.mybatisplus.core.injector.methods.Delete]
[2m2024-04-03 16:39:23.784[0;39m [[33m WARN[0;39m] [35m7640[0;39m [2m[           main ][0;39m [33mcom.baomidou.mybatisplus.core.injector.AbstractMethod[0;39m:414 [2m:[0;39m [net.mingsoft.mdiy.dao.IDictDao.delete] Has been loaded by XML or SqlProvider or Mybatis's Annotation, so ignoring this injection for [class com.baomidou.mybatisplus.core.injector.methods.Delete]
[2m2024-04-03 16:39:36.130[0;39m [[32m INFO[0;39m] [35m7640[0;39m [2m[           main ][0;39m [32morg.quartz.impl.StdSchedulerFactory[0;39m:1220 [2m:[0;39m Using default implementation for ThreadExecutor
[2m2024-04-03 16:39:36.198[0;39m [[32m INFO[0;39m] [35m7640[0;39m [2m[           main ][0;39m [32morg.quartz.core.SchedulerSignalerImpl[0;39m:61 [2m:[0;39m Initialized Scheduler Signaller of type: class org.quartz.core.SchedulerSignalerImpl
[2m2024-04-03 16:39:36.199[0;39m [[32m INFO[0;39m] [35m7640[0;39m [2m[           main ][0;39m [32morg.quartz.core.QuartzScheduler[0;39m:229 [2m:[0;39m Quartz Scheduler v.2.3.2 created.
[2m2024-04-03 16:39:36.201[0;39m [[32m INFO[0;39m] [35m7640[0;39m [2m[           main ][0;39m [32morg.quartz.simpl.RAMJobStore[0;39m:155 [2m:[0;39m RAMJobStore initialized.
[2m2024-04-03 16:39:36.204[0;39m [[32m INFO[0;39m] [35m7640[0;39m [2m[           main ][0;39m [32morg.quartz.core.QuartzScheduler[0;39m:294 [2m:[0;39m Scheduler meta-data: Quartz Scheduler (v2.3.2) 'quartzScheduler' with instanceId 'NON_CLUSTERED'
  Scheduler class: 'org.quartz.core.QuartzScheduler' - running locally.
  NOT STARTED.
  Currently in standby mode.
  Number of jobs executed: 0
  Using thread pool 'org.quartz.simpl.SimpleThreadPool' - with 10 threads.
  Using job-store 'org.quartz.simpl.RAMJobStore' - which does not support persistence. and is not clustered.

[2m2024-04-03 16:39:36.204[0;39m [[32m INFO[0;39m] [35m7640[0;39m [2m[           main ][0;39m [32morg.quartz.impl.StdSchedulerFactory[0;39m:1374 [2m:[0;39m Quartz scheduler 'quartzScheduler' initialized from an externally provided properties instance.
[2m2024-04-03 16:39:36.205[0;39m [[32m INFO[0;39m] [35m7640[0;39m [2m[           main ][0;39m [32morg.quartz.impl.StdSchedulerFactory[0;39m:1378 [2m:[0;39m Quartz scheduler version: 2.3.2
[2m2024-04-03 16:39:36.206[0;39m [[32m INFO[0;39m] [35m7640[0;39m [2m[           main ][0;39m [32morg.quartz.core.QuartzScheduler[0;39m:2293 [2m:[0;39m JobFactory set to: org.springframework.scheduling.quartz.SpringBeanJobFactory@7a7f9d45
[2m2024-04-03 16:39:37.026[0;39m [[32m INFO[0;39m] [35m7640[0;39m [2m[           main ][0;39m [32morg.apache.coyote.http11.Http11NioProtocol[0;39m:173 [2m:[0;39m Starting ProtocolHandler ["http-nio-8080"]
[2m2024-04-03 16:39:39.303[0;39m [[32m INFO[0;39m] [35m7640[0;39m [2m[           main ][0;39m [32morg.quartz.core.QuartzScheduler[0;39m:547 [2m:[0;39m Scheduler quartzScheduler_$_NON_CLUSTERED started.
[2m2024-04-03 16:39:39.718[0;39m [[32m INFO[0;39m] [35m7640[0;39m [2m[           main ][0;39m [32mnet.mingsoft.MSApplication[0;39m:61 [2m:[0;39m Started MSApplication in 105.099 seconds (JVM running for 141.462)
